C51 COMPILER V9.54   TIMER                                                                 11/20/2023 18:28:43 PAGE 1   


C51 COMPILER V9.54, COMPILATION OF MODULE TIMER
OBJECT MODULE PLACED IN .\Objects\timer.obj
COMPILER INVOKED BY: C:\Keil_v5\C51\BIN\C51.EXE Driver\timer\timer.c OPTIMIZE(8,SPEED) BROWSE INCDIR(.\Driver;C:\Keil_v5
                    -\C51\INC\STC) DEBUG OBJECTEXTEND PRINT(.\Listings\timer.lst) TABS(2) OBJECT(.\Objects\timer.obj)

line level    source

   1          #include "timer\timer.h"
   2          
   3          
   4          
   5          //***定时器0******//
   6          void Timer0_Init(void)    //100微秒@11.0592MHz
   7          {
   8   1        AUXR &= 0x7F;     //定时器时钟12T模式
   9   1        TMOD &= 0xF0;     //设置定时器模式
  10   1        TMOD |= 0x01;     //设置定时器模式
  11   1        TL0 = 0xA4;       //设置定时初始值
  12   1        TH0 = 0xFF;       //设置定时初始值
  13   1        TF0 = 0;        //清除TF0标志
  14   1        TR0 = 1;        //定时器0开始计时
  15   1        ET0 = 1;        //使能定时器0中断
  16   1      }
  17          
  18          
  19          //***定时器1*****//
  20          void Timer1_Init(void)    //1毫秒@11.0592MHz
  21          {
  22   1        AUXR |= 0x40;     //定时器时钟1T模式
  23   1        TMOD &= 0x0F;     //设置定时器模式
  24   1        TMOD |= 0x10;     //设置定时器模式
  25   1        TL1 = 0xCD;       //设置定时初始值
  26   1        TH1 = 0xD4;       //设置定时初始值
  27   1        TF1 = 0;        //清除TF1标志
  28   1        TR1 = 1;        //定时器1开始计时
  29   1        ET1 = 1;        //使能定时器1中断
  30   1      }
  31          
  32          
  33          


MODULE INFORMATION:   STATIC OVERLAYABLE
   CODE SIZE        =     44    ----
   CONSTANT SIZE    =   ----    ----
   XDATA SIZE       =   ----    ----
   PDATA SIZE       =   ----    ----
   DATA SIZE        =   ----    ----
   IDATA SIZE       =   ----    ----
   BIT SIZE         =   ----    ----
END OF MODULE INFORMATION.


C51 COMPILATION COMPLETE.  0 WARNING(S),  0 ERROR(S)
