C51 COMPILER V9.54   KEY                                                                   11/21/2023 00:52:06 PAGE 1   


C51 COMPILER V9.54, COMPILATION OF MODULE KEY
OBJECT MODULE PLACED IN .\Objects\key.obj
COMPILER INVOKED BY: C:\Keil_v5\C51\BIN\C51.EXE Driver\KEY\key.c OPTIMIZE(8,SPEED) BROWSE INCDIR(.\Driver;D:\WorkSoftwar
                    -e\Keil5_C51\C51\INC\STC) DEBUG OBJECTEXTEND PRINT(.\Listings\key.lst) TABS(2) OBJECT(.\Objects\key.obj)

line level    source

   1          #include "KEY\key.h"
   2          
   3          
   4          unsigned char Key_Read(void)
   5          {
   6   1          unsigned char key_value = 0;
   7   1      
   8   1          if(P33 == 1)   //S5
   9   1              key_value = 1;
  10   1          
  11   1          if(P35 == 1)   //S7
  12   1              key_value = 2;
  13   1      
  14   1          if(P31 == 1)   //S3
  15   1              key_value = 3;
  16   1      
  17   1          if(P30 == 1)   //S2 OFF\ON
  18   1              key_value = 5;
  19   1          
  20   1          if(P32 == 1)   //S4 R
  21   1              key_value = 6;
  22   1          
  23   1      
  24   1          
  25   1          return key_value;
  26   1      }
  27          


MODULE INFORMATION:   STATIC OVERLAYABLE
   CODE SIZE        =     27    ----
   CONSTANT SIZE    =   ----    ----
   XDATA SIZE       =   ----    ----
   PDATA SIZE       =   ----    ----
   DATA SIZE        =   ----    ----
   IDATA SIZE       =   ----    ----
   BIT SIZE         =   ----    ----
END OF MODULE INFORMATION.


C51 COMPILATION COMPLETE.  0 WARNING(S),  0 ERROR(S)
