C51 COMPILER V9.54   LED                                                                   11/20/2023 18:28:43 PAGE 1   


C51 COMPILER V9.54, COMPILATION OF MODULE LED
OBJECT MODULE PLACED IN .\Objects\LED.obj
COMPILER INVOKED BY: C:\Keil_v5\C51\BIN\C51.EXE Driver\LED\LED.C OPTIMIZE(8,SPEED) BROWSE INCDIR(.\Driver;C:\Keil_v5\C51
                    -\INC\STC) DEBUG OBJECTEXTEND PRINT(.\Listings\LED.lst) TABS(2) OBJECT(.\Objects\LED.obj)

line level    source

   1          #include "LED\LED.h"
   2          
   3          
   4          
   5          void Led_Disp(unsigned char ucled)
   6          {
   7   1        P2 = 0xff;
   8   1        P2 = ucled;
   9   1        P3 = (0xef << 3) | 0x07;
  10   1      }
  11          
  12          
  13          


MODULE INFORMATION:   STATIC OVERLAYABLE
   CODE SIZE        =      9    ----
   CONSTANT SIZE    =   ----    ----
   XDATA SIZE       =   ----    ----
   PDATA SIZE       =   ----    ----
   DATA SIZE        =   ----    ----
   IDATA SIZE       =   ----    ----
   BIT SIZE         =   ----    ----
END OF MODULE INFORMATION.


C51 COMPILATION COMPLETE.  0 WARNING(S),  0 ERROR(S)
