C51 COMPILER V9.54   SEG                                                                   11/20/2023 18:28:43 PAGE 1   


C51 COMPILER V9.54, COMPILATION OF MODULE SEG
OBJECT MODULE PLACED IN .\Objects\seg.obj
COMPILER INVOKED BY: C:\Keil_v5\C51\BIN\C51.EXE Driver\seg\seg.c OPTIMIZE(8,SPEED) BROWSE INCDIR(.\Driver;C:\Keil_v5\C51
                    -\INC\STC) DEBUG OBJECTEXTEND PRINT(.\Listings\seg.lst) TABS(2) OBJECT(.\Objects\seg.obj)

line level    source

   1          #include "seg\seg.h"
   2          #include "LED\LED.h"
   3          
   4          
   5          
   6          void Seg_Tran(unsigned char *seg_string,unsigned char *seg_buf)
   7          {
   8   1        unsigned char i = 0,j = 0,temp = 0;
   9   1        for(i = 0;i < 3;i++,j++)
  10   1        {
  11   2          switch(seg_string[j])
  12   2          {
  13   3            case '0':temp=0xc0;break;
  14   3            case '1':temp=0xf9;break;
  15   3            case '2':temp=0xa4;break;
  16   3            case '3':temp=0xb0;break;
  17   3            case '4':temp=0x99;break;
  18   3            case '5':temp=0x92;break;
  19   3            case '6':temp=0x82;break;
  20   3            case '7':temp=0xf8;break;
  21   3            case '8':temp=0x80;break;
  22   3            case '9':temp=0x90;break;
  23   3            case 'A':temp=0xc0;break;
  24   3            case 'B':temp=0xc0;break;
  25   3            case '-':temp=0xbf;break;
  26   3            case ' ':temp=0xff;break;
  27   3            case 'S':temp=0x92;break;
  28   3            case 'H':temp=0x89;break;
  29   3            default:temp=0xff;break;
  30   3          }
  31   2          if(seg_string[j+1]=='.')
  32   2          {
  33   3            temp=temp&0x7f;
  34   3            j++;
  35   3          }
  36   2          seg_buf[i]=temp;
  37   2        }
  38   1      }
  39          extern unsigned char ucled;
  40          
  41          void Seg_Disp(unsigned char *seg_buf,unsigned char pos)
  42          {
  43   1        P2 = 0xff;
  44   1        P3 = (0xef << pos) | 0x07;  
  45   1        P2 = seg_buf[pos];  
  46   1      }
  47          
  48          
  49          
  50          ////*******数码管显示函数********//
  51          
  52          //void seg_Disp(unsigned char *seg_str)
  53          //{
  54          //  uchar temp = 0 , i = 0,j = 0;
C51 COMPILER V9.54   SEG                                                                   11/20/2023 18:28:43 PAGE 2   

  55          //  for(i = 0; i < 3; i++)
  56          //  {
  57          //    P3 = 0xef << i;
  58          
  59          //    if(seg_str[j + 1] == ' ')
  60          //    {
  61          //      j = j + 1;
  62          //      P2 |= 0xff;
  63          //    }
  64          //    if(seg_str[j + 1] == '.')
  65          //    {
  66          //      j = j + 1;
  67          //      P2 &= 0x7f;
  68          //    }
  69          //    j++;
  70          //    Delay1ms();
  71          //    P2 = 0xff;
  72          //  } 
  73          //}
  74          
  75          
  76          
  77          //********延时函数**********//
  78          
  79          void Delay100us()   //@12.000MHz
  80          {
  81   1        unsigned char data i;
  82   1      
  83   1        _nop_();
  84   1        _nop_();
  85   1        i = 57;
  86   1        while (--i);
  87   1      }
  88          
  89          
  90          
  91          
  92          


MODULE INFORMATION:   STATIC OVERLAYABLE
   CODE SIZE        =    253    ----
   CONSTANT SIZE    =   ----    ----
   XDATA SIZE       =   ----    ----
   PDATA SIZE       =   ----    ----
   DATA SIZE        =   ----       9
   IDATA SIZE       =   ----    ----
   BIT SIZE         =   ----    ----
END OF MODULE INFORMATION.


C51 COMPILATION COMPLETE.  0 WARNING(S),  0 ERROR(S)
