C51 COMPILER V9.54   UART                                                                  11/20/2023 18:28:43 PAGE 1   


C51 COMPILER V9.54, COMPILATION OF MODULE UART
OBJECT MODULE PLACED IN .\Objects\Uart.obj
COMPILER INVOKED BY: C:\Keil_v5\C51\BIN\C51.EXE Driver\Uart\Uart.c OPTIMIZE(8,SPEED) BROWSE INCDIR(.\Driver;C:\Keil_v5\C
                    -51\INC\STC) DEBUG OBJECTEXTEND PRINT(.\Listings\Uart.lst) TABS(2) OBJECT(.\Objects\Uart.obj)

line level    source

   1          #include "Uart\Uart.h"
   2          
   3          
   4          //*****串口******//
   5          
   6          void Uart1_Init(void)   //9600bps@11.0592MHz
   7          {
   8   1        PCON &= 0x7F;   //波特率不倍速
   9   1        SCON = 0x50;    //8位数据,可变波特率
  10   1        AUXR |= 0x04;   //定时器时钟1T模式
  11   1        BRT = 0xDC;     //设置定时重载值
  12   1        AUXR |= 0x01;   //串口1使用独立波特率发射器为波特率发生器
  13   1        AUXR |= 0x10;   //启动独立波特率发射器
  14   1        ES = 1;
  15   1      }
  16          
  17          void Uart1_sendbyte(unsigned char byte)
  18          {
  19   1        SBUF = byte;
  20   1        while(!TI);
  21   1        TI = 0;
  22   1      }
  23          
  24          
  25          
  26          void Uart1_Str(uchar *p)
  27          {
  28   1        while(*p)
  29   1        {
  30   2          Uart1_sendbyte(*p++);
  31   2        }
  32   1      }
  33          
  34          
  35          void Uart1_Isr(void) interrupt 4
  36          {
  37   1        if(RI)
  38   1        {
  39   2          RI = 0;
  40   2        }
  41   1      }


MODULE INFORMATION:   STATIC OVERLAYABLE
   CODE SIZE        =     72    ----
   CONSTANT SIZE    =   ----    ----
   XDATA SIZE       =   ----    ----
   PDATA SIZE       =   ----    ----
   DATA SIZE        =   ----       3
   IDATA SIZE       =   ----    ----
   BIT SIZE         =   ----    ----
END OF MODULE INFORMATION.


C51 COMPILATION COMPLETE.  0 WARNING(S),  0 ERROR(S)
